build/app/intermediates/manifest_merge_blame_file/release/manifest-merger-blame-release-report.txt
1<?xml version="1.0" encoding="utf-8"?>
2<manifest xmlns:android="http://schemas.android.com/apk/res/android"
3    package="com.example.myvideos"
4    android:versionCode="1"
5    android:versionName="1.0.0" >
6
7    <uses-sdk
8        android:minSdkVersion="19"
8-->src/main/AndroidManifest.xml
9        android:targetSdkVersion="33" />
9-->src/main/AndroidManifest.xml
10
11    <uses-permission android:name="android.permission.INTERNET" />
11-->src/main/AndroidManifest.xml:3:5-66
11-->src/main/AndroidManifest.xml:3:22-64
12    <uses-permission android:name="android.permission.ACCESS_NETWORK_STATE" />
12-->src/main/AndroidManifest.xml:4:5-79
12-->src/main/AndroidManifest.xml:4:22-76
13
14    <queries>
14-->[:flutter_inappwebview] AndroidManifest.xml:9:5-13:15
15        <intent>
15-->[:flutter_inappwebview] AndroidManifest.xml:10:9-12:18
16            <action android:name="android.support.customtabs.action.CustomTabsService" />
16-->[:flutter_inappwebview] AndroidManifest.xml:11:13-90
16-->[:flutter_inappwebview] AndroidManifest.xml:11:21-87
17        </intent>
18    </queries>
19
20    <application
21        android:name="android.app.Application"
21-->src/main/AndroidManifest.xml:8:9-42
22        android:appComponentFactory="androidx.core.app.CoreComponentFactory"
22-->[androidx.core:core:1.8.0] AndroidManifest.xml:24:18-86
23        android:icon="@mipmap/ic_launcher"
23-->src/main/AndroidManifest.xml:9:9-43
24        android:label="Vibnow" >
24-->src/main/AndroidManifest.xml:7:9-31
25        <provider
26            android:name="com.pichillilorenzo.flutter_inappwebview.InAppWebViewFileProvider"
26-->src/main/AndroidManifest.xml:12:13-93
27            android:authorities="com.example.myvideos.flutter_inappwebview.fileprovider"
27-->src/main/AndroidManifest.xml:13:13-85
28            android:exported="false"
28-->src/main/AndroidManifest.xml:14:13-37
29            android:grantUriPermissions="true" >
29-->src/main/AndroidManifest.xml:15:13-47
30            <meta-data
30-->src/main/AndroidManifest.xml:16:13-18:58
31                android:name="android.support.FILE_PROVIDER_PATHS"
31-->src/main/AndroidManifest.xml:17:17-67
32                android:resource="@xml/provider_paths" />
32-->src/main/AndroidManifest.xml:18:17-55
33        </provider>
34
35        <activity
35-->src/main/AndroidManifest.xml:21:9-42:20
36            android:name="com.example.myvideos.MainActivity"
36-->src/main/AndroidManifest.xml:22:13-41
37            android:configChanges="orientation|keyboardHidden|keyboard|screenSize|smallestScreenSize|locale|layoutDirection|fontScale|screenLayout|density|uiMode"
37-->src/main/AndroidManifest.xml:27:13-163
38            android:exported="true"
38-->src/main/AndroidManifest.xml:23:13-36
39            android:hardwareAccelerated="true"
39-->src/main/AndroidManifest.xml:28:13-47
40            android:launchMode="singleTop"
40-->src/main/AndroidManifest.xml:25:13-43
41            android:theme="@style/LaunchTheme"
41-->src/main/AndroidManifest.xml:26:13-47
42            android:usesCleartextTraffic="true"
42-->src/main/AndroidManifest.xml:24:13-48
43            android:windowSoftInputMode="adjustResize" >
43-->src/main/AndroidManifest.xml:29:13-55
44
45            <!--
46                 Specifies an Android theme to apply to this Activity as soon as
47                 the Android process has started. This theme is visible to the user
48                 while the Flutter UI initializes. After that, this theme continues
49                 to determine the Window background behind the Flutter UI.
50            -->
51            <meta-data
51-->src/main/AndroidManifest.xml:34:13-37:17
52                android:name="io.flutter.embedding.android.NormalTheme"
52-->src/main/AndroidManifest.xml:35:15-70
53                android:resource="@style/NormalTheme" />
53-->src/main/AndroidManifest.xml:36:15-52
54
55            <intent-filter>
55-->src/main/AndroidManifest.xml:38:13-41:29
56                <action android:name="android.intent.action.MAIN" />
56-->src/main/AndroidManifest.xml:39:17-68
56-->src/main/AndroidManifest.xml:39:25-66
57
58                <category android:name="android.intent.category.LAUNCHER" />
58-->src/main/AndroidManifest.xml:40:17-76
58-->src/main/AndroidManifest.xml:40:27-74
59            </intent-filter>
60        </activity>
61        <!--
62             Don't delete the meta-data below.
63             This is used by the Flutter tool to generate GeneratedPluginRegistrant.java
64        -->
65        <meta-data
65-->src/main/AndroidManifest.xml:45:9-72
66            android:name="flutterEmbedding"
66-->src/main/AndroidManifest.xml:45:20-51
67            android:value="2" />
67-->src/main/AndroidManifest.xml:45:52-69
68        <meta-data
68-->src/main/AndroidManifest.xml:45:9-72
69            android:name="flutterEmbedding"
69-->src/main/AndroidManifest.xml:45:20-51
70            android:value="2" />
70-->src/main/AndroidManifest.xml:45:52-69
71
72        <activity
72-->[:flutter_inappwebview] AndroidManifest.xml:16:9-20:47
73            android:name="com.pichillilorenzo.flutter_inappwebview.in_app_browser.InAppBrowserActivity"
73-->[:flutter_inappwebview] AndroidManifest.xml:17:13-104
74            android:configChanges="orientation|keyboardHidden|keyboard|screenSize|locale|layoutDirection|fontScale|screenLayout|density"
74-->[:flutter_inappwebview] AndroidManifest.xml:18:13-137
75            android:exported="false"
75-->[:flutter_inappwebview] AndroidManifest.xml:19:13-37
76            android:theme="@style/AppTheme" />
76-->[:flutter_inappwebview] AndroidManifest.xml:20:13-44
77        <activity
77-->[:flutter_inappwebview] AndroidManifest.xml:21:9-24:55
78            android:name="com.pichillilorenzo.flutter_inappwebview.chrome_custom_tabs.ChromeCustomTabsActivity"
78-->[:flutter_inappwebview] AndroidManifest.xml:22:13-112
79            android:exported="false"
79-->[:flutter_inappwebview] AndroidManifest.xml:23:13-37
80            android:theme="@style/ThemeTransparent" />
80-->[:flutter_inappwebview] AndroidManifest.xml:24:13-52
81        <activity
81-->[:flutter_inappwebview] AndroidManifest.xml:25:9-28:55
82            android:name="com.pichillilorenzo.flutter_inappwebview.chrome_custom_tabs.TrustedWebActivity"
82-->[:flutter_inappwebview] AndroidManifest.xml:26:13-106
83            android:exported="false"
83-->[:flutter_inappwebview] AndroidManifest.xml:27:13-37
84            android:theme="@style/ThemeTransparent" />
84-->[:flutter_inappwebview] AndroidManifest.xml:28:13-52
85        <activity
85-->[:flutter_inappwebview] AndroidManifest.xml:29:9-33:55
86            android:name="com.pichillilorenzo.flutter_inappwebview.chrome_custom_tabs.ChromeCustomTabsActivitySingleInstance"
86-->[:flutter_inappwebview] AndroidManifest.xml:30:13-126
87            android:exported="false"
87-->[:flutter_inappwebview] AndroidManifest.xml:31:13-37
88            android:launchMode="singleInstance"
88-->[:flutter_inappwebview] AndroidManifest.xml:32:13-48
89            android:theme="@style/ThemeTransparent" />
89-->[:flutter_inappwebview] AndroidManifest.xml:33:13-52
90        <activity
90-->[:flutter_inappwebview] AndroidManifest.xml:34:9-38:55
91            android:name="com.pichillilorenzo.flutter_inappwebview.chrome_custom_tabs.TrustedWebActivitySingleInstance"
91-->[:flutter_inappwebview] AndroidManifest.xml:35:13-120
92            android:exported="false"
92-->[:flutter_inappwebview] AndroidManifest.xml:36:13-37
93            android:launchMode="singleInstance"
93-->[:flutter_inappwebview] AndroidManifest.xml:37:13-48
94            android:theme="@style/ThemeTransparent" />
94-->[:flutter_inappwebview] AndroidManifest.xml:38:13-52
95
96        <receiver
96-->[:flutter_inappwebview] AndroidManifest.xml:40:9-43:40
97            android:name="com.pichillilorenzo.flutter_inappwebview.chrome_custom_tabs.ActionBroadcastReceiver"
97-->[:flutter_inappwebview] AndroidManifest.xml:41:13-111
98            android:enabled="true"
98-->[:flutter_inappwebview] AndroidManifest.xml:42:13-35
99            android:exported="false" />
99-->[:flutter_inappwebview] AndroidManifest.xml:43:13-37
100
101        <meta-data
101-->[:flutter_inappwebview] AndroidManifest.xml:45:9-47:36
102            android:name="io.flutter.embedded_views_preview"
102-->[:flutter_inappwebview] AndroidManifest.xml:46:13-61
103            android:value="true" />
103-->[:flutter_inappwebview] AndroidManifest.xml:47:13-33
104
105        <provider
105-->[:flutter_webview_plugin] AndroidManifest.xml:11:9-20:20
106            android:name="androidx.core.content.FileProvider"
106-->[:flutter_webview_plugin] AndroidManifest.xml:12:13-62
107            android:authorities="com.example.myvideos.fileprovider"
107-->[:flutter_webview_plugin] AndroidManifest.xml:13:13-64
108            android:exported="false"
108-->[:flutter_webview_plugin] AndroidManifest.xml:14:13-37
109            android:grantUriPermissions="true" >
109-->[:flutter_webview_plugin] AndroidManifest.xml:15:13-47
110            <meta-data
110-->src/main/AndroidManifest.xml:16:13-18:58
111                android:name="android.support.FILE_PROVIDER_PATHS"
111-->src/main/AndroidManifest.xml:17:17-67
112                android:resource="@xml/filepaths" />
112-->src/main/AndroidManifest.xml:18:17-55
113        </provider>
114
115        <uses-library
115-->[androidx.window:window:1.0.0-beta04] AndroidManifest.xml:25:9-27:40
116            android:name="androidx.window.extensions"
116-->[androidx.window:window:1.0.0-beta04] AndroidManifest.xml:26:13-54
117            android:required="false" />
117-->[androidx.window:window:1.0.0-beta04] AndroidManifest.xml:27:13-37
118        <uses-library
118-->[androidx.window:window:1.0.0-beta04] AndroidManifest.xml:28:9-30:40
119            android:name="androidx.window.sidecar"
119-->[androidx.window:window:1.0.0-beta04] AndroidManifest.xml:29:13-51
120            android:required="false" />
120-->[androidx.window:window:1.0.0-beta04] AndroidManifest.xml:30:13-37
121
122        <provider
122-->[androidx.emoji2:emoji2:1.2.0] AndroidManifest.xml:24:9-32:20
123            android:name="androidx.startup.InitializationProvider"
123-->[androidx.emoji2:emoji2:1.2.0] AndroidManifest.xml:25:13-67
124            android:authorities="com.example.myvideos.androidx-startup"
124-->[androidx.emoji2:emoji2:1.2.0] AndroidManifest.xml:26:13-68
125            android:exported="false" >
125-->[androidx.emoji2:emoji2:1.2.0] AndroidManifest.xml:27:13-37
126            <meta-data
126-->[androidx.emoji2:emoji2:1.2.0] AndroidManifest.xml:29:13-31:52
127                android:name="androidx.emoji2.text.EmojiCompatInitializer"
127-->[androidx.emoji2:emoji2:1.2.0] AndroidManifest.xml:30:17-75
128                android:value="androidx.startup" />
128-->[androidx.emoji2:emoji2:1.2.0] AndroidManifest.xml:31:17-49
129            <meta-data
129-->[androidx.lifecycle:lifecycle-process:2.4.1] AndroidManifest.xml:31:13-33:52
130                android:name="androidx.lifecycle.ProcessLifecycleInitializer"
130-->[androidx.lifecycle:lifecycle-process:2.4.1] AndroidManifest.xml:32:17-78
131                android:value="androidx.startup" />
131-->[androidx.lifecycle:lifecycle-process:2.4.1] AndroidManifest.xml:33:17-49
132        </provider>
133    </application>
134
135</manifest>